Base path: C:/Program Files/Unity/Editor/Data
Pipe name: \\.\pipe\UnityShaderCompiler-64bit-1-1364
Cmd: getPlatforms
Cmd: compileSnippet
  api=4 type=0 insize=541 outsize=3517 kw=SHADOWS_DEPTH ok=1
Cmd: compileSnippet
  api=4 type=1 insize=541 outsize=437 kw=SHADOWS_DEPTH ok=1
Cmd: compileSnippet
  api=4 type=0 insize=6810 outsize=3647 kw=DIRECTIONAL SHADOWS_OFF LIGHTMAP_OFF DIRLIGHTMAP_OFF DYNAMICLIGHTMAP_OFF ok=1
Cmd: compileSnippet
  api=4 type=1 insize=6810 outsize=1298 kw=DIRECTIONAL SHADOWS_OFF LIGHTMAP_OFF DIRLIGHTMAP_OFF DYNAMICLIGHTMAP_OFF ok=1
Cmd: compileSnippet
  api=4 type=0 insize=3647 outsize=2737 kw=DIRECTIONAL ok=1
Cmd: compileSnippet
  api=4 type=1 insize=3647 outsize=1152 kw=DIRECTIONAL ok=1
Cmd: compileSnippet
  api=4 type=0 insize=7523 outsize=4703 kw=DIRECTIONAL SHADOWS_OFF LIGHTMAP_OFF DIRLIGHTMAP_OFF DYNAMICLIGHTMAP_OFF ok=1
Cmd: compileSnippet
  api=4 type=1 insize=7523 outsize=3460 kw=DIRECTIONAL SHADOWS_OFF LIGHTMAP_OFF DIRLIGHTMAP_OFF DYNAMICLIGHTMAP_OFF ok=1
Cmd: compileSnippet
  api=4 type=0 insize=4918 outsize=3939 kw=DIRECTIONAL ok=1
Cmd: compileSnippet
  api=4 type=1 insize=4918 outsize=2891 kw=DIRECTIONAL ok=1
Cmd: compileSnippet
  api=4 type=0 insize=7990 outsize=4703 kw=DIRECTIONAL SHADOWS_OFF LIGHTMAP_OFF DIRLIGHTMAP_OFF DYNAMICLIGHTMAP_OFF ok=1
Cmd: compileSnippet
  api=4 type=1 insize=7990 outsize=3996 kw=DIRECTIONAL SHADOWS_OFF LIGHTMAP_OFF DIRLIGHTMAP_OFF DYNAMICLIGHTMAP_OFF ok=1
Cmd: compileSnippet
  api=4 type=0 insize=5181 outsize=3939 kw=DIRECTIONAL ok=1
Cmd: compileSnippet
  api=4 type=1 insize=5181 outsize=2891 kw=DIRECTIONAL ok=1
Cmd: preprocess
  insize=11501 outsize=3459 ok=1
Cmd: compileSnippet
  api=4 type=0 insize=4502 outsize=2777 kw=DIRECTIONAL SHADOWS_OFF LIGHTMAP_OFF DIRLIGHTMAP_OFF DYNAMICLIGHTMAP_OFF ok=1
Cmd: compileSnippet
  api=4 type=1 insize=4502 outsize=4711 kw=DIRECTIONAL SHADOWS_OFF LIGHTMAP_OFF DIRLIGHTMAP_OFF DYNAMICLIGHTMAP_OFF ok=1
Cmd: compileSnippet
  api=4 type=0 insize=4219 outsize=3232 kw=POINT SHADOWS_OFF ok=1
Cmd: compileSnippet
  api=4 type=1 insize=4219 outsize=4467 kw=POINT SHADOWS_OFF ok=1
Cmd: preprocess
  insize=39588 outsize=10895 ok=1
Cmd: compileSnippet
  api=4 type=0 insize=10330 outsize=1112 kw=DIRECTIONAL SHADOWS_OFF LIGHTMAP_OFF DIRLIGHTMAP_OFF DYNAMICLIGHTMAP_OFF ok=1
Cmd: compileSnippet
  api=4 type=1 insize=10330 outsize=8172 kw=DIRECTIONAL SHADOWS_OFF LIGHTMAP_OFF DIRLIGHTMAP_OFF DYNAMICLIGHTMAP_OFF ok=1
Cmd: compileSnippet
  api=4 type=2 insize=10330 outsize=2452 kw=DIRECTIONAL SHADOWS_OFF LIGHTMAP_OFF DIRLIGHTMAP_OFF DYNAMICLIGHTMAP_OFF ok=1
Cmd: compileSnippet
  api=4 type=3 insize=10330 outsize=5515 kw=DIRECTIONAL SHADOWS_OFF LIGHTMAP_OFF DIRLIGHTMAP_OFF DYNAMICLIGHTMAP_OFF ok=1
Cmd: compileSnippet
  api=4 type=0 insize=9497 outsize=1112 kw=POINT SHADOWS_OFF ok=1
Cmd: compileSnippet
  api=4 type=1 insize=9497 outsize=6393 kw=POINT SHADOWS_OFF ok=1
Cmd: compileSnippet
  api=4 type=2 insize=9497 outsize=2452 kw=POINT SHADOWS_OFF ok=1
Cmd: compileSnippet
  api=4 type=3 insize=9497 outsize=5938 kw=POINT SHADOWS_OFF ok=1
Cmd: compileSnippet
  api=4 type=0 insize=5131 outsize=1112 kw=SHADOWS_DEPTH ok=1
Cmd: compileSnippet
  api=4 type=1 insize=5131 outsize=567 kw=SHADOWS_DEPTH ok=1
Cmd: compileSnippet
  api=4 type=2 insize=5131 outsize=2452 kw=SHADOWS_DEPTH ok=1
Cmd: compileSnippet
  api=4 type=3 insize=5131 outsize=4321 kw=SHADOWS_DEPTH ok=1
Cmd: compileSnippet
  api=4 type=0 insize=1706 outsize=1274 kw=SOFTPARTICLES_OFF ok=1
Cmd: compileSnippet
  api=4 type=1 insize=1706 outsize=852 kw=SOFTPARTICLES_OFF ok=1
Cmd: compileSnippet
  api=4 type=0 insize=4219 outsize=2777 kw=DIRECTIONAL SHADOWS_OFF ok=1
Cmd: compileSnippet
  api=4 type=1 insize=4219 outsize=4191 kw=DIRECTIONAL SHADOWS_OFF ok=1
Cmd: compileSnippet
  api=4 type=0 insize=7882 outsize=4703 kw=DIRECTIONAL SHADOWS_OFF LIGHTMAP_OFF DIRLIGHTMAP_OFF DYNAMICLIGHTMAP_OFF ok=1
Cmd: compileSnippet
  api=4 type=1 insize=7882 outsize=4321 kw=DIRECTIONAL SHADOWS_OFF LIGHTMAP_OFF DIRLIGHTMAP_OFF DYNAMICLIGHTMAP_OFF ok=1
Cmd: compileSnippet
  api=4 type=0 insize=5277 outsize=3939 kw=DIRECTIONAL ok=1
Cmd: compileSnippet
  api=4 type=1 insize=5277 outsize=3752 kw=DIRECTIONAL ok=1
Cmd: preprocess
  insize=9195 outsize=2321 ok=1
Cmd: compileSnippet
  api=4 type=0 insize=6522 outsize=990 kw= ok=1
Cmd: compileSnippet
  api=4 type=1 insize=6522 outsize=1883 kw= ok=1
Cmd: compileSnippet
  api=4 type=0 insize=6517 outsize=990 kw= ok=1
Cmd: compileSnippet
  api=4 type=1 insize=6517 outsize=3549 kw= ok=1
Cmd: compileSnippet
  api=4 type=0 insize=6517 outsize=990 kw= ok=1
Cmd: compileSnippet
  api=4 type=1 insize=6517 outsize=1469 kw= ok=1
Cmd: compileSnippet
  api=4 type=0 insize=6517 outsize=990 kw= ok=1
Cmd: compileSnippet
  api=4 type=1 insize=6517 outsize=1469 kw= ok=1
Cmd: compileSnippet
  api=4 type=0 insize=6519 outsize=990 kw= ok=1
Cmd: compileSnippet
  api=4 type=1 insize=6519 outsize=1794 kw= ok=1
Cmd: compileSnippet
  api=4 type=0 insize=6519 outsize=990 kw= ok=1
Cmd: compileSnippet
  api=4 type=1 insize=6519 outsize=1469 kw= ok=1
Cmd: compileSnippet
  api=4 type=0 insize=6528 outsize=990 kw= ok=1
Cmd: compileSnippet
  api=4 type=1 insize=6528 outsize=1428 kw= ok=1
Cmd: compileSnippet
  api=4 type=0 insize=6533 outsize=990 kw= ok=1
Cmd: compileSnippet
  api=4 type=1 insize=6533 outsize=1347 kw= ok=1
Cmd: compileSnippet
  api=4 type=0 insize=6526 outsize=990 kw= ok=1
Cmd: compileSnippet
  api=4 type=1 insize=6526 outsize=852 kw= ok=1
Cmd: compileSnippet
  api=4 type=0 insize=6524 outsize=990 kw= ok=1
Cmd: compileSnippet
  api=4 type=1 insize=6524 outsize=1510 kw= ok=1
Cmd: compileSnippet
  api=4 type=0 insize=6531 outsize=990 kw= ok=1
Cmd: compileSnippet
  api=4 type=1 insize=6531 outsize=1932 kw= ok=1
Cmd: preprocess
  insize=11276 outsize=717 ok=1
Cmd: compileSnippet
  api=4 type=0 insize=10591 outsize=990 kw= ok=1
Cmd: compileSnippet
  api=4 type=1 insize=10591 outsize=1672 kw= ok=1
Cmd: compileSnippet
  api=4 type=0 insize=10613 outsize=990 kw= ok=1
Cmd: compileSnippet
  api=4 type=1 insize=10613 outsize=9269 kw= ok=1
Cmd: compileSnippet
  api=4 type=0 insize=10612 outsize=990 kw= ok=1
Cmd: compileSnippet
  api=4 type=1 insize=10612 outsize=9285 kw= ok=1
Cmd: preprocess
  insize=1209 outsize=458 ok=1
Cmd: compileSnippet
  api=4 type=0 insize=997 outsize=990 kw= ok=1
Cmd: compileSnippet
  api=4 type=1 insize=997 outsize=843 kw= ok=1
Cmd: compileSnippet
  api=4 type=0 insize=996 outsize=990 kw= ok=1
Cmd: compileSnippet
  api=4 type=1 insize=996 outsize=843 kw= ok=1
Cmd: preprocess
  insize=9741 outsize=918 ok=1
Cmd: compileSnippet
  api=4 type=0 insize=9031 outsize=1908 kw= ok=1
Cmd: compileSnippet
  api=4 type=1 insize=9031 outsize=3094 kw= ok=1
Cmd: compileSnippet
  api=4 type=0 insize=9035 outsize=1997 kw= ok=1
Cmd: compileSnippet
  api=4 type=1 insize=9035 outsize=3297 kw= ok=1
Cmd: compileSnippet
  api=4 type=0 insize=9055 outsize=1339 kw= ok=1
Cmd: compileSnippet
  api=4 type=1 insize=9055 outsize=4963 kw= ok=1
Cmd: compileSnippet
  api=4 type=0 insize=9050 outsize=1339 kw= ok=1
Cmd: compileSnippet
  api=4 type=1 insize=9050 outsize=5223 kw= ok=1
Cmd: compileSnippet
  api=4 type=0 insize=9054 outsize=1477 kw= ok=1
Cmd: compileSnippet
  api=4 type=1 insize=9054 outsize=1502 kw= ok=1
Cmd: preprocess
  insize=1685 outsize=352 ok=1
Cmd: compileSnippet
  api=4 type=0 insize=1635 outsize=1347 kw= ok=1
Cmd: compileSnippet
  api=4 type=1 insize=1635 outsize=1965 kw= ok=1
Cmd: preprocess
  insize=919 outsize=355 ok=1
Cmd: compileSnippet
  api=4 type=0 insize=869 outsize=990 kw= ok=1
Cmd: compileSnippet
  api=4 type=1 insize=869 outsize=1225 kw= ok=1
Cmd: preprocess
  insize=1006 outsize=316 ok=1
Cmd: compileSnippet
  api=4 type=0 insize=995 outsize=990 kw= ok=1
Cmd: compileSnippet
  api=4 type=1 insize=995 outsize=957 kw= ok=1
Cmd: preprocess
  insize=1989 outsize=486 ok=1
Cmd: compileSnippet
  api=4 type=0 insize=1805 outsize=990 kw= ok=1
Cmd: compileSnippet
  api=4 type=1 insize=1805 outsize=1688 kw= ok=1
Cmd: preprocess
  insize=1291 outsize=412 ok=1
Cmd: compileSnippet
  api=4 type=0 insize=1184 outsize=1339 kw= ok=1
Cmd: compileSnippet
  api=4 type=1 insize=1184 outsize=1526 kw= ok=1
Cmd: preprocess
  insize=3615 outsize=712 ok=1
Cmd: compileSnippet
  api=4 type=0 insize=3140 outsize=990 kw= ok=1
Cmd: compileSnippet
  api=4 type=1 insize=3140 outsize=1339 kw= ok=1
Cmd: compileSnippet
  api=4 type=0 insize=3138 outsize=990 kw= ok=1
Cmd: compileSnippet
  api=4 type=1 insize=3138 outsize=1209 kw= ok=1
Cmd: compileSnippet
  api=4 type=0 insize=3183 outsize=990 kw= ok=1
Cmd: compileSnippet
  api=4 type=1 insize=3183 outsize=2785 kw= ok=1
Cmd: preprocess
  insize=683 outsize=683 ok=1
Cmd: preprocess
  insize=1183 outsize=296 ok=1
Cmd: compileSnippet
  api=4 type=0 insize=1189 outsize=1380 kw= ok=1
Cmd: compileSnippet
  api=4 type=1 insize=1189 outsize=1372 kw= ok=1
Cmd: preprocess
  insize=1235 outsize=409 ok=1
Cmd: compileSnippet
  api=4 type=0 insize=1131 outsize=990 kw= ok=1
Cmd: compileSnippet
  api=4 type=1 insize=1131 outsize=1957 kw= ok=1
Cmd: preprocess
  insize=6551 outsize=798 ok=1
Cmd: compileSnippet
  api=4 type=0 insize=1797 outsize=1209 kw= ok=1
Cmd: compileSnippet
  api=4 type=1 insize=1797 outsize=12235 kw= ok=1
Cmd: compileSnippet
  api=4 type=0 insize=2061 outsize=1209 kw= ok=1
Cmd: compileSnippet
  api=4 type=1 insize=2061 outsize=20132 kw= ok=1
Cmd: compileSnippet
  api=4 type=0 insize=2567 outsize=1209 kw= ok=1
Cmd: compileSnippet
  api=4 type=1 insize=2567 outsize=35927 kw= ok=1
Cmd: compileSnippet
  api=4 type=0 insize=2840 outsize=1071 kw= ok=1
Cmd: compileSnippet
  api=4 type=1 insize=2840 outsize=4012 kw= ok=1
Cmd: compileSnippet
  api=4 type=0 insize=1780 outsize=1103 kw= ok=1
Cmd: compileSnippet
  api=4 type=1 insize=1780 outsize=1095 kw= ok=1
Cmd: preprocess
  insize=1173 outsize=314 ok=1
Cmd: compileSnippet
  api=4 type=0 insize=1164 outsize=1737 kw= ok=1
Cmd: compileSnippet
  api=4 type=1 insize=1164 outsize=1396 kw= ok=1
Cmd: preprocess
  insize=2636 outsize=773 ok=1
Cmd: compileSnippet
  api=4 type=0 insize=1965 outsize=1339 kw= ok=1
Cmd: compileSnippet
  api=4 type=1 insize=1965 outsize=1201 kw= ok=1
Cmd: compileSnippet
  api=4 type=0 insize=1962 outsize=1339 kw= ok=1
Cmd: compileSnippet
  api=4 type=1 insize=1962 outsize=933 kw= ok=1
Cmd: compileSnippet
  api=4 type=0 insize=1975 outsize=1640 kw= ok=1
Cmd: compileSnippet
  api=4 type=1 insize=1975 outsize=1307 kw= ok=1
Cmd: compileSnippet
  api=4 type=0 insize=1974 outsize=1339 kw= ok=1
Cmd: compileSnippet
  api=4 type=1 insize=1974 outsize=852 kw= ok=1
Cmd: preprocess
  insize=968 outsize=305 ok=1
Cmd: compileSnippet
  api=4 type=0 insize=968 outsize=990 kw= ok=1
Cmd: compileSnippet
  api=4 type=1 insize=968 outsize=990 kw= ok=1
Cmd: preprocess
  insize=1377 outsize=384 ok=1
Cmd: compileSnippet
  api=4 type=0 insize=1295 outsize=1453 kw= ok=1
Cmd: compileSnippet
  api=4 type=1 insize=1295 outsize=1437 kw= ok=1
Cmd: preprocess
  insize=1420 outsize=347 ok=1
Cmd: compileSnippet
  api=4 type=0 insize=1379 outsize=1786 kw= ok=1
Cmd: compileSnippet
  api=4 type=1 insize=1379 outsize=1331 kw= ok=1
Cmd: preprocess
  insize=1709 outsize=728 ok=1
Cmd: compileSnippet
  api=4 type=0 insize=1287 outsize=1827 kw= ok=1
Cmd: compileSnippet
  api=4 type=1 insize=1287 outsize=1355 kw= ok=1
Cmd: preprocess
  insize=838 outsize=838 ok=1
Cmd: preprocess
  insize=1403 outsize=346 ok=1
Cmd: compileSnippet
  api=4 type=0 insize=1359 outsize=1347 kw= ok=1
Cmd: compileSnippet
  api=4 type=1 insize=1359 outsize=1502 kw= ok=1
Cmd: preprocess
  insize=1268 outsize=329 ok=1
Cmd: compileSnippet
  api=4 type=0 insize=1244 outsize=1298 kw= ok=1
Cmd: compileSnippet
  api=4 type=1 insize=1244 outsize=1428 kw= ok=1
Cmd: preprocess
  insize=2306 outsize=643 ok=1
Cmd: compileSnippet
  api=4 type=0 insize=1968 outsize=1428 kw= ok=1
Cmd: compileSnippet
  api=4 type=1 insize=1968 outsize=3208 kw= ok=1
Cmd: preprocess
  insize=965 outsize=271 ok=1
Cmd: compileSnippet
  api=4 type=0 insize=994 outsize=1055 kw= ok=1
Cmd: compileSnippet
  api=4 type=1 insize=994 outsize=1217 kw= ok=1
Cmd: preprocess
  insize=790 outsize=320 ok=1
Cmd: compileSnippet
  api=4 type=0 insize=772 outsize=990 kw= ok=1
Cmd: compileSnippet
  api=4 type=1 insize=772 outsize=1103 kw= ok=1
Cmd: preprocess
  insize=6455 outsize=995 ok=1
Cmd: compileSnippet
  api=4 type=0 insize=5436 outsize=1298 kw= ok=1
Cmd: compileSnippet
  api=4 type=1 insize=5436 outsize=876 kw= ok=1
Cmd: compileSnippet
  api=4 type=0 insize=5443 outsize=1583 kw= ok=1
Cmd: compileSnippet
  api=4 type=1 insize=5443 outsize=1518 kw= ok=1
Cmd: compileSnippet
  api=4 type=0 insize=5447 outsize=1396 kw= ok=1
Cmd: compileSnippet
  api=4 type=1 insize=5447 outsize=1518 kw= ok=1
Cmd: compileSnippet
  api=4 type=0 insize=5448 outsize=1396 kw= ok=1
Cmd: compileSnippet
  api=4 type=1 insize=5448 outsize=1518 kw= ok=1
Cmd: compileSnippet
  api=4 type=0 insize=5452 outsize=1753 kw= ok=1
Cmd: compileSnippet
  api=4 type=1 insize=5452 outsize=1786 kw= ok=1
Cmd: compileSnippet
  api=4 type=0 insize=5453 outsize=1753 kw= ok=1
Cmd: compileSnippet
  api=4 type=1 insize=5453 outsize=1786 kw= ok=1
Cmd: preprocess
  insize=2390 outsize=837 ok=1
Cmd: compileSnippet
  api=4 type=0 insize=1131 outsize=1493 kw= ok=1
Cmd: compileSnippet
  api=4 type=1 insize=1131 outsize=754 kw= ok=1
Cmd: compileSnippet
  api=4 type=0 insize=1028 outsize=1469 kw= ok=1
Cmd: compileSnippet
  api=4 type=1 insize=1028 outsize=754 kw= ok=1
Cmd: preprocess
  insize=32636 outsize=273 ok=1
Cmd: compileSnippet
  api=4 type=0 insize=32665 outsize=990 kw= ok=1
Cmd: compileSnippet
  api=4 type=1 insize=32665 outsize=10748 kw= ok=1
Cmd: preprocess
  insize=1216 outsize=260 ok=1
Cmd: compileSnippet
  api=4 type=0 insize=1258 outsize=1258 kw= ok=1
Cmd: compileSnippet
  api=4 type=1 insize=1258 outsize=1437 kw= ok=1
Cmd: preprocess
  insize=3601 outsize=704 ok=1
Cmd: compileSnippet
  api=4 type=0 insize=2929 outsize=1843 kw= ok=1
Cmd: compileSnippet
  api=4 type=1 insize=2929 outsize=2298 kw= ok=1
Cmd: compileSnippet
  api=4 type=0 insize=2920 outsize=1843 kw= ok=1
Cmd: compileSnippet
  api=4 type=1 insize=2920 outsize=1705 kw= ok=1
Cmd: compileSnippet
  api=4 type=0 insize=2919 outsize=1843 kw= ok=1
Cmd: compileSnippet
  api=4 type=1 insize=2919 outsize=1753 kw= ok=1
Cmd: compileSnippet
  api=4 type=0 insize=2931 outsize=1843 kw= ok=1
Cmd: compileSnippet
  api=4 type=1 insize=2931 outsize=2233 kw= ok=1
Cmd: preprocess
  insize=1000 outsize=249 ok=1
Cmd: compileSnippet
  api=4 type=0 insize=1053 outsize=1534 kw= ok=1
Cmd: compileSnippet
  api=4 type=1 insize=1053 outsize=1144 kw= ok=1
Cmd: preprocess
  insize=5357 outsize=1799 ok=1
Cmd: compileSnippet
  api=4 type=0 insize=3204 outsize=1339 kw= ok=1
Cmd: compileSnippet
  api=4 type=1 insize=3204 outsize=1160 kw= ok=1
Cmd: compileSnippet
  api=4 type=0 insize=3201 outsize=1339 kw= ok=1
Cmd: compileSnippet
  api=4 type=1 insize=3201 outsize=933 kw= ok=1
Cmd: compileSnippet
  api=4 type=0 insize=3217 outsize=1753 kw= ok=1
Cmd: compileSnippet
  api=4 type=1 insize=3217 outsize=1428 kw= ok=1
Cmd: compileSnippet
  api=4 type=0 insize=3209 outsize=1339 kw= ok=1
Cmd: compileSnippet
  api=4 type=1 insize=3209 outsize=852 kw= ok=1
Cmd: compileSnippet
  api=4 type=0 insize=3209 outsize=1339 kw= ok=1
Cmd: compileSnippet
  api=4 type=1 insize=3209 outsize=1160 kw= ok=1
Cmd: compileSnippet
  api=4 type=0 insize=3206 outsize=1339 kw= ok=1
Cmd: compileSnippet
  api=4 type=1 insize=3206 outsize=933 kw= ok=1
Cmd: compileSnippet
  api=4 type=0 insize=3218 outsize=1753 kw= ok=1
Cmd: compileSnippet
  api=4 type=1 insize=3218 outsize=1355 kw= ok=1
Cmd: compileSnippet
  api=4 type=0 insize=3211 outsize=1339 kw= ok=1
Cmd: compileSnippet
  api=4 type=1 insize=3211 outsize=770 kw= ok=1
Cmd: compileSnippet
  api=4 type=0 insize=3203 outsize=1339 kw= ok=1
Cmd: compileSnippet
  api=4 type=1 insize=3203 outsize=559 kw= ok=1
Cmd: compileSnippet
  api=4 type=0 insize=3207 outsize=1339 kw= ok=1
Cmd: compileSnippet
  api=4 type=1 insize=3207 outsize=762 kw= ok=1
Cmd: compileSnippet
  api=4 type=0 insize=3202 outsize=1339 kw= ok=1
Cmd: compileSnippet
  api=4 type=1 insize=3202 outsize=648 kw= ok=1
Cmd: preprocess
  insize=763 outsize=763 ok=1
Cmd: preprocess
  insize=13833 outsize=2059 ok=1
Cmd: compileSnippet
  api=4 type=0 insize=11195 outsize=990 kw= ok=1
Cmd: compileSnippet
  api=4 type=1 insize=11195 outsize=2160 kw= ok=1
Cmd: compileSnippet
  api=4 type=0 insize=11186 outsize=990 kw= ok=1
Cmd: compileSnippet
  api=4 type=1 insize=11186 outsize=843 kw= ok=1
Cmd: compileSnippet
  api=4 type=0 insize=11194 outsize=990 kw= ok=1
Cmd: compileSnippet
  api=4 type=1 insize=11194 outsize=1916 kw= ok=1
Cmd: compileSnippet
  api=4 type=0 insize=11199 outsize=990 kw= ok=1
Cmd: compileSnippet
  api=4 type=1 insize=11199 outsize=3703 kw= ok=1
Cmd: compileSnippet
  api=4 type=0 insize=11209 outsize=990 kw= ok=1
Cmd: compileSnippet
  api=4 type=1 insize=11209 outsize=5881 kw= ok=1
Cmd: compileSnippet
  api=4 type=0 insize=11196 outsize=990 kw= ok=1
Cmd: compileSnippet
  api=4 type=1 insize=11196 outsize=1615 kw= ok=1
Cmd: compileSnippet
  api=4 type=0 insize=11195 outsize=990 kw= ok=1
Cmd: compileSnippet
  api=4 type=1 insize=11195 outsize=3013 kw= ok=1
Cmd: compileSnippet
  api=4 type=0 insize=11201 outsize=990 kw= ok=1
Cmd: compileSnippet
  api=4 type=1 insize=11201 outsize=9277 kw= ok=1
Cmd: preprocess
  insize=1038 outsize=358 ok=1
Cmd: compileSnippet
  api=4 type=0 insize=985 outsize=990 kw= ok=1
Cmd: compileSnippet
  api=4 type=1 insize=985 outsize=1038 kw= ok=1
Cmd: preprocess
  insize=6289 outsize=752 ok=1
Cmd: compileSnippet
  api=4 type=0 insize=5327 outsize=1859 kw= ok=1
Cmd: compileSnippet
  api=4 type=1 insize=5327 outsize=4378 kw= ok=1
Cmd: compileSnippet
  api=4 type=0 insize=5335 outsize=1859 kw= ok=1
Cmd: compileSnippet
  api=4 type=1 insize=5335 outsize=3492 kw= ok=1
Cmd: compileSnippet
  api=4 type=0 insize=5329 outsize=1859 kw= ok=1
Cmd: compileSnippet
  api=4 type=1 insize=5329 outsize=3508 kw= ok=1
Cmd: compileSnippet
  api=4 type=0 insize=5340 outsize=1859 kw= ok=1
Cmd: compileSnippet
  api=4 type=1 insize=5340 outsize=2688 kw= ok=1
Cmd: compileSnippet
  api=4 type=0 insize=5335 outsize=1859 kw= ok=1
Cmd: compileSnippet
  api=4 type=1 insize=5335 outsize=1908 kw= ok=1
Cmd: preprocess
  insize=2832 outsize=782 ok=1
Cmd: compileSnippet
  api=4 type=0 insize=2099 outsize=1339 kw= ok=1
Cmd: compileSnippet
  api=4 type=1 insize=2099 outsize=933 kw= ok=1
Cmd: compileSnippet
  api=4 type=0 insize=2099 outsize=1339 kw= ok=1
Cmd: compileSnippet
  api=4 type=1 insize=2099 outsize=1160 kw= ok=1
Cmd: compileSnippet
  api=4 type=0 insize=2103 outsize=1339 kw= ok=1
Cmd: compileSnippet
  api=4 type=1 insize=2103 outsize=973 kw= ok=1
Cmd: compileSnippet
  api=4 type=0 insize=2102 outsize=1339 kw= ok=1
Cmd: compileSnippet
  api=4 type=1 insize=2102 outsize=1973 kw= ok=1
Cmd: compileSnippet
  api=4 type=0 insize=2105 outsize=1339 kw= ok=1
Cmd: compileSnippet
  api=4 type=1 insize=2105 outsize=957 kw= ok=1
Cmd: preprocess
  insize=8191 outsize=1105 ok=1
Cmd: compileSnippet
  api=4 type=0 insize=6258 outsize=1298 kw= ok=1
Cmd: compileSnippet
  api=4 type=1 insize=6258 outsize=1632 kw= ok=1
Cmd: compileSnippet
  api=4 type=0 insize=6261 outsize=1298 kw= ok=1
Cmd: compileSnippet
  api=4 type=1 insize=6261 outsize=1168 kw= ok=1
Cmd: compileSnippet
  api=4 type=0 insize=6270 outsize=1558 kw= ok=1
Cmd: compileSnippet
  api=4 type=1 insize=6270 outsize=2566 kw= ok=1
Cmd: compileSnippet
  api=4 type=0 insize=6264 outsize=1558 kw= ok=1
Cmd: compileSnippet
  api=4 type=1 insize=6264 outsize=2127 kw= ok=1
Cmd: compileSnippet
  api=4 type=0 insize=6261 outsize=1298 kw= ok=1
Cmd: compileSnippet
  api=4 type=1 insize=6261 outsize=1290 kw= ok=1
Cmd: compileSnippet
  api=4 type=0 insize=6265 outsize=1298 kw= ok=1
Cmd: compileSnippet
  api=4 type=1 insize=6265 outsize=1802 kw= ok=1
Cmd: compileSnippet
  api=4 type=0 insize=6269 outsize=1558 kw= ok=1
Cmd: compileSnippet
  api=4 type=1 insize=6269 outsize=2517 kw= ok=1
Cmd: compileSnippet
  api=4 type=0 insize=6255 outsize=1298 kw= ok=1
Cmd: compileSnippet
  api=4 type=1 insize=6255 outsize=852 kw= ok=1
Cmd: preprocess
  insize=11446 outsize=2624 ok=1
Cmd: compileSnippet
  api=4 type=0 insize=8607 outsize=1298 kw= ok=1
Cmd: compileSnippet
  api=4 type=1 insize=8607 outsize=4459 kw= ok=1
Cmd: compileSnippet
  api=4 type=0 insize=8611 outsize=1298 kw= ok=1
Cmd: compileSnippet
  api=4 type=1 insize=8611 outsize=2542 kw= ok=1
Cmd: compileSnippet
  api=4 type=0 insize=8610 outsize=1298 kw= ok=1
Cmd: compileSnippet
  api=4 type=1 insize=8610 outsize=876 kw= ok=1
Cmd: compileSnippet
  api=4 type=0 insize=8614 outsize=1298 kw= ok=1
Cmd: compileSnippet
  api=4 type=1 insize=8614 outsize=1729 kw= ok=1
Cmd: compileSnippet
  api=4 type=0 insize=8613 outsize=1298 kw= ok=1
Cmd: compileSnippet
  api=4 type=1 insize=8613 outsize=1331 kw= ok=1
Cmd: preprocess
  insize=977 outsize=438 ok=1
Cmd: compileSnippet
  api=4 type=0 insize=841 outsize=990 kw= ok=1
Cmd: compileSnippet
  api=4 type=1 insize=841 outsize=778 kw= ok=1
Cmd: preprocess
  insize=13814 outsize=2625 ok=1
Cmd: compileSnippet
  api=4 type=0 insize=10228 outsize=990 kw= ok=1
Cmd: compileSnippet
  api=4 type=1 insize=10228 outsize=1177 kw= ok=1
Cmd: compileSnippet
  api=4 type=0 insize=10227 outsize=990 kw= ok=1
Cmd: compileSnippet
  api=4 type=1 insize=10227 outsize=1615 kw= ok=1
Cmd: compileSnippet
  api=4 type=0 insize=10227 outsize=990 kw= ok=1
Cmd: compileSnippet
  api=4 type=1 insize=10227 outsize=1688 kw= ok=1
Cmd: compileSnippet
  api=4 type=0 insize=10209 outsize=990 kw= ok=1
Cmd: compileSnippet
  api=4 type=1 insize=10209 outsize=1209 kw= ok=1
Cmd: compileSnippet
  api=4 type=0 insize=10228 outsize=990 kw= ok=1
Cmd: compileSnippet
  api=4 type=1 insize=10228 outsize=1339 kw= ok=1
Cmd: compileSnippet
  api=4 type=0 insize=10209 outsize=990 kw= ok=1
Cmd: compileSnippet
  api=4 type=1 insize=10209 outsize=1607 kw= ok=1
Cmd: compileSnippet
  api=4 type=0 insize=10254 outsize=1347 kw= ok=1
Cmd: compileSnippet
  api=4 type=1 insize=10254 outsize=1851 kw= ok=1
Cmd: compileSnippet
  api=4 type=0 insize=10208 outsize=990 kw= ok=1
Cmd: compileSnippet
  api=4 type=1 insize=10208 outsize=510 kw= ok=1
Cmd: compileSnippet
  api=4 type=0 insize=10212 outsize=990 kw= ok=1
Cmd: compileSnippet
  api=4 type=1 insize=10212 outsize=600 kw= ok=1
Cmd: compileSnippet
  api=4 type=0 insize=10234 outsize=2160 kw= ok=1
Cmd: compileSnippet
  api=4 type=1 insize=10234 outsize=3265 kw= ok=1
Cmd: compileSnippet
  api=4 type=0 insize=10228 outsize=2160 kw= ok=1
Cmd: compileSnippet
  api=4 type=1 insize=10228 outsize=3427 kw= ok=1
Cmd: compileSnippet
  api=4 type=0 insize=10234 outsize=2160 kw= ok=1
Cmd: compileSnippet
  api=4 type=1 insize=10234 outsize=3265 kw= ok=1
Cmd: preprocess
  insize=1950 outsize=490 ok=1
Cmd: compileSnippet
  api=4 type=0 insize=1736 outsize=990 kw= ok=1
Cmd: compileSnippet
  api=4 type=1 insize=1736 outsize=1599 kw= ok=1
Cmd: compileSnippet
  api=4 type=0 insize=1749 outsize=990 kw= ok=1
Cmd: compileSnippet
  api=4 type=1 insize=1749 outsize=1900 kw= ok=1
Cmd: preprocess
  insize=1692 outsize=302 ok=1
Cmd: compileSnippet
  api=4 type=0 insize=1695 outsize=1737 kw= ok=1
Cmd: compileSnippet
  api=4 type=1 insize=1695 outsize=2355 kw= ok=1
Cmd: preprocess
  insize=27271 outsize=4693 ok=1
Cmd: compileSnippet
  api=4 type=0 insize=19248 outsize=1298 kw= ok=1
Cmd: compileSnippet
  api=4 type=1 insize=19248 outsize=1420 kw= ok=1
Cmd: compileSnippet
  api=4 type=0 insize=19254 outsize=2095 kw= ok=1
Cmd: compileSnippet
  api=4 type=1 insize=19254 outsize=3915 kw= ok=1
Cmd: compileSnippet
  api=4 type=0 insize=19257 outsize=2095 kw= ok=1
Cmd: compileSnippet
  api=4 type=1 insize=19257 outsize=7571 kw= ok=1
Cmd: compileSnippet
  api=4 type=0 insize=19236 outsize=1298 kw= ok=1
Cmd: compileSnippet
  api=4 type=1 insize=19236 outsize=648 kw= ok=1
Cmd: compileSnippet
  api=4 type=0 insize=19252 outsize=1298 kw= ok=1
Cmd: compileSnippet
  api=4 type=1 insize=19252 outsize=1412 kw= ok=1
Cmd: compileSnippet
  api=4 type=0 insize=19239 outsize=1298 kw= ok=1
Cmd: compileSnippet
  api=4 type=1 insize=19239 outsize=2558 kw= ok=1
Cmd: compileSnippet
  api=4 type=0 insize=19250 outsize=1298 kw= ok=1
Cmd: compileSnippet
  api=4 type=1 insize=19250 outsize=2095 kw= ok=1
Cmd: compileSnippet
  api=4 type=0 insize=19246 outsize=1298 kw= ok=1
Cmd: compileSnippet
  api=4 type=1 insize=19246 outsize=827 kw= ok=1
Cmd: compileSnippet
  api=4 type=0 insize=19256 outsize=1298 kw= ok=1
Cmd: compileSnippet
  api=4 type=1 insize=19256 outsize=1485 kw= ok=1
Cmd: compileSnippet
  api=4 type=0 insize=19249 outsize=1298 kw= ok=1
Cmd: compileSnippet
  api=4 type=1 insize=19249 outsize=1217 kw= ok=1
Cmd: compileSnippet
  api=4 type=0 insize=19256 outsize=1298 kw= ok=1
Cmd: compileSnippet
  api=4 type=1 insize=19256 outsize=1802 kw= ok=1
Cmd: compileSnippet
  api=4 type=0 insize=19244 outsize=1298 kw= ok=1
Cmd: compileSnippet
  api=4 type=1 insize=19244 outsize=3086 kw= ok=1
Cmd: compileSnippet
  api=4 type=0 insize=19253 outsize=1298 kw= ok=1
Cmd: compileSnippet
  api=4 type=1 insize=19253 outsize=3484 kw= ok=1
Cmd: compileSnippet
  api=4 type=0 insize=19240 outsize=1298 kw= ok=1
Cmd: compileSnippet
  api=4 type=1 insize=19240 outsize=1542 kw= ok=1
Cmd: compileSnippet
  api=4 type=0 insize=19255 outsize=1298 kw= ok=1
Cmd: compileSnippet
  api=4 type=1 insize=19255 outsize=1030 kw= ok=1
Cmd: compileSnippet
  api=4 type=0 insize=19245 outsize=1298 kw= ok=1
Cmd: compileSnippet
  api=4 type=1 insize=19245 outsize=1388 kw= ok=1
Cmd: compileSnippet
  api=4 type=0 insize=19238 outsize=1298 kw= ok=1
Cmd: compileSnippet
  api=4 type=1 insize=19238 outsize=843 kw= ok=1
Cmd: compileSnippet
  api=4 type=0 insize=19245 outsize=1298 kw= ok=1
Cmd: compileSnippet
  api=4 type=1 insize=19245 outsize=3842 kw= ok=1
Cmd: compileSnippet
  api=4 type=0 insize=19253 outsize=1298 kw= ok=1
Cmd: compileSnippet
  api=4 type=1 insize=19253 outsize=3744 kw= ok=1
Cmd: compileSnippet
  api=4 type=0 insize=19263 outsize=2095 kw= ok=1
Cmd: compileSnippet
  api=4 type=1 insize=19263 outsize=4654 kw= ok=1
Cmd: compileSnippet
  api=4 type=0 insize=19241 outsize=1298 kw= ok=1
Cmd: compileSnippet
  api=4 type=1 insize=19241 outsize=762 kw= ok=1
Cmd: compileSnippet
  api=4 type=0 insize=19243 outsize=1298 kw= ok=1
Cmd: compileSnippet
  api=4 type=1 insize=19243 outsize=2558 kw= ok=1
Cmd: compileSnippet
  api=4 type=0 insize=19261 outsize=1298 kw= ok=1
Cmd: compileSnippet
  api=4 type=1 insize=19261 outsize=648 kw= ok=1
Cmd: preprocess
  insize=4106 outsize=553 ok=1
Cmd: compileSnippet
  api=4 type=0 insize=3754 outsize=1737 kw= ok=1
Cmd: compileSnippet
  api=4 type=1 insize=3754 outsize=3289 kw= ok=1
Cmd: compileSnippet
  api=4 type=0 insize=3766 outsize=1737 kw= ok=1
Cmd: compileSnippet
  api=4 type=1 insize=3766 outsize=1778 kw= ok=1
Cmd: compileSnippet
  api=4 type=0 insize=3757 outsize=1737 kw= ok=1
Cmd: compileSnippet
  api=4 type=1 insize=3757 outsize=2379 kw= ok=1
Cmd: preprocess
  insize=2274 outsize=1208 ok=1
Cmd: compileSnippet
  api=4 type=0 insize=1310 outsize=1908 kw= ok=1
Cmd: compileSnippet
  api=4 type=1 insize=1310 outsize=1583 kw= ok=1
Cmd: preprocess
  insize=1737 outsize=297 ok=1
Cmd: compileSnippet
  api=4 type=0 insize=1742 outsize=1713 kw= ok=1
Cmd: compileSnippet
  api=4 type=1 insize=1742 outsize=4613 kw= ok=1
Cmd: preprocess
  insize=1026 outsize=351 ok=1
Cmd: compileSnippet
  api=4 type=0 insize=977 outsize=990 kw= ok=1
Cmd: compileSnippet
  api=4 type=1 insize=977 outsize=1282 kw= ok=1
Cmd: preprocess
  insize=1123 outsize=458 ok=1
Cmd: compileSnippet
  api=4 type=0 insize=940 outsize=990 kw= ok=1
Cmd: compileSnippet
  api=4 type=1 insize=940 outsize=949 kw= ok=1
Cmd: compileSnippet
  api=4 type=0 insize=946 outsize=990 kw= ok=1
Cmd: compileSnippet
  api=4 type=1 insize=946 outsize=1006 kw= ok=1
Cmd: preprocess
  insize=738 outsize=267 ok=1
Cmd: compileSnippet
  api=4 type=0 insize=771 outsize=990 kw= ok=1
Cmd: compileSnippet
  api=4 type=1 insize=771 outsize=819 kw= ok=1
Cmd: preprocess
  insize=5837 outsize=873 ok=1
Cmd: compileSnippet
  api=4 type=0 insize=4927 outsize=1558 kw= ok=1
Cmd: compileSnippet
  api=4 type=1 insize=4927 outsize=2135 kw= ok=1
Cmd: compileSnippet
  api=4 type=0 insize=4929 outsize=1558 kw= ok=1
Cmd: compileSnippet
  api=4 type=1 insize=4929 outsize=1640 kw= ok=1
Cmd: compileSnippet
  api=4 type=0 insize=4933 outsize=1558 kw= ok=1
Cmd: compileSnippet
  api=4 type=1 insize=4933 outsize=1802 kw= ok=1
Cmd: compileSnippet
  api=4 type=0 insize=4942 outsize=990 kw= ok=1
Cmd: compileSnippet
  api=4 type=1 insize=4942 outsize=1038 kw= ok=1
Cmd: compileSnippet
  api=4 type=0 insize=4923 outsize=1558 kw= ok=1
Cmd: compileSnippet
  api=4 type=1 insize=4923 outsize=2135 kw= ok=1
Cmd: preprocess
  insize=5633 outsize=757 ok=1
Cmd: compileSnippet
  api=4 type=0 insize=4670 outsize=990 kw= ok=1
Cmd: compileSnippet
  api=4 type=1 insize=4670 outsize=1185 kw= ok=1
Cmd: compileSnippet
  api=4 type=0 insize=4674 outsize=2135 kw= ok=1
Cmd: compileSnippet
  api=4 type=1 insize=4674 outsize=1835 kw= ok=1
Cmd: compileSnippet
  api=4 type=0 insize=4684 outsize=2143 kw= ok=1
Cmd: compileSnippet
  api=4 type=1 insize=4684 outsize=2737 kw= ok=1
Cmd: compileSnippet
  api=4 type=0 insize=4679 outsize=2143 kw= ok=1
Cmd: compileSnippet
  api=4 type=1 insize=4679 outsize=2403 kw= ok=1
Cmd: compileSnippet
  api=4 type=0 insize=4685 outsize=1737 kw= ok=1
Cmd: compileSnippet
  api=4 type=1 insize=4685 outsize=2355 kw= ok=1
Cmd: preprocess
  insize=586 outsize=360 ok=1
Cmd: compileSnippet
  api=4 type=0 insize=528 outsize=990 kw= ok=1
Cmd: compileSnippet
  api=4 type=1 insize=528 outsize=1258 kw= ok=1
Cmd: preprocess
  insize=7257 outsize=922 ok=1
Cmd: compileSnippet
  api=4 type=0 insize=5673 outsize=1298 kw= ok=1
Cmd: compileSnippet
  api=4 type=1 insize=5673 outsize=795 kw= ok=1
Cmd: compileSnippet
  api=4 type=0 insize=5672 outsize=1298 kw= ok=1
Cmd: compileSnippet
  api=4 type=1 insize=5672 outsize=892 kw= ok=1
Cmd: compileSnippet
  api=4 type=0 insize=5666 outsize=1298 kw= ok=1
Cmd: compileSnippet
  api=4 type=1 insize=5666 outsize=2623 kw= ok=1
Cmd: compileSnippet
  api=4 type=0 insize=5665 outsize=1298 kw= ok=1
Cmd: compileSnippet
  api=4 type=1 insize=5665 outsize=2777 kw= ok=1
Cmd: compileSnippet
  api=4 type=0 insize=5668 outsize=1298 kw= ok=1
Cmd: compileSnippet
  api=4 type=1 insize=5668 outsize=2891 kw= ok=1
Cmd: compileSnippet
  api=4 type=0 insize=5667 outsize=1298 kw= ok=1
Cmd: compileSnippet
  api=4 type=1 insize=5667 outsize=2948 kw= ok=1
Cmd: compileSnippet
  api=4 type=0 insize=5669 outsize=1298 kw= ok=1
Cmd: compileSnippet
  api=4 type=1 insize=5669 outsize=998 kw= ok=1
Cmd: preprocess
  insize=32646 outsize=272 ok=1
Cmd: compileSnippet
  api=4 type=0 insize=32675 outsize=990 kw= ok=1
Cmd: compileSnippet
  api=4 type=1 insize=32675 outsize=10683 kw= ok=1
Cmd: preprocess
  insize=5149 outsize=1741 ok=1
Cmd: compileSnippet
  api=4 type=0 insize=3712 outsize=1753 kw= ok=1
Cmd: compileSnippet
  api=4 type=1 insize=3712 outsize=6945 kw= ok=1
Cmd: preprocess
  insize=6801 outsize=255 ok=1
Cmd: compileSnippet
  api=4 type=0 insize=6848 outsize=1380 kw= ok=1
Cmd: compileSnippet
  api=4 type=1 insize=6848 outsize=4418 kw= ok=1
Cmd: preprocess
  insize=4528 outsize=555 ok=1
Cmd: compileSnippet
  api=4 type=0 insize=4182 outsize=2200 kw= ok=1
Cmd: compileSnippet
  api=4 type=1 insize=4182 outsize=7027 kw= ok=1
Cmd: compileSnippet
  api=4 type=0 insize=4186 outsize=2200 kw= ok=1
Cmd: compileSnippet
  api=4 type=1 insize=4186 outsize=6092 kw= ok=1
Cmd: preprocess
  insize=4848 outsize=1016 ok=1
Cmd: compileSnippet
  api=4 type=0 insize=3817 outsize=1298 kw= ok=1
Cmd: compileSnippet
  api=4 type=1 insize=3817 outsize=1201 kw= ok=1
Cmd: compileSnippet
  api=4 type=0 insize=3824 outsize=1233 kw= ok=1
Cmd: compileSnippet
  api=4 type=1 insize=3824 outsize=1185 kw= ok=1
Cmd: compileSnippet
  api=4 type=0 insize=3822 outsize=1298 kw= ok=1
Cmd: compileSnippet
  api=4 type=1 insize=3822 outsize=1672 kw= ok=1
Cmd: compileSnippet
  api=4 type=0 insize=3824 outsize=1298 kw= ok=1
Cmd: compileSnippet
  api=4 type=1 insize=3824 outsize=1973 kw= ok=1
Cmd: compileSnippet
  api=4 type=0 insize=3814 outsize=1298 kw= ok=1
Cmd: compileSnippet
  api=4 type=1 insize=3814 outsize=973 kw= ok=1
Cmd: preprocess
  insize=5752 outsize=1269 ok=1
Cmd: compileSnippet
  api=4 type=0 insize=4241 outsize=1428 kw= ok=1
Cmd: compileSnippet
  api=4 type=1 insize=4241 outsize=3192 kw= ok=1
Cmd: compileSnippet
  api=4 type=0 insize=3327 outsize=1185 kw= ok=1
Cmd: compileSnippet
  api=4 type=1 insize=3327 outsize=1656 kw= ok=1
Cmd: compileSnippet
  api=4 type=4 insize=3327 outsize=3590 kw= ok=1
Cmd: compileSnippet
  api=4 type=0 insize=3327 outsize=1185 kw= ok=1
Cmd: compileSnippet
  api=4 type=1 insize=3327 outsize=1656 kw= ok=1
Cmd: compileSnippet
  api=4 type=4 insize=3327 outsize=3590 kw= ok=1
Cmd: preprocess
  insize=778 outsize=304 ok=1
Cmd: compileSnippet
  api=4 type=0 insize=776 outsize=990 kw= ok=1
Cmd: compileSnippet
  api=4 type=1 insize=776 outsize=657 kw= ok=1
Cmd: preprocess
  insize=721 outsize=317 ok=1
Cmd: compileSnippet
  api=4 type=0 insize=706 outsize=990 kw= ok=1
Cmd: compileSnippet
  api=4 type=1 insize=706 outsize=1388 kw= ok=1
Cmd: preprocess
  insize=3918 outsize=651 ok=1
Cmd: compileSnippet
  api=4 type=0 insize=3312 outsize=990 kw= ok=1
Cmd: compileSnippet
  api=4 type=1 insize=3312 outsize=1258 kw= ok=1
Cmd: compileSnippet
  api=4 type=0 insize=3319 outsize=2135 kw= ok=1
Cmd: compileSnippet
  api=4 type=1 insize=3319 outsize=1835 kw= ok=1
Cmd: compileSnippet
  api=4 type=0 insize=3328 outsize=2119 kw= ok=1
Cmd: compileSnippet
  api=4 type=1 insize=3328 outsize=2192 kw= ok=1
Cmd: compileSnippet
  api=4 type=0 insize=3323 outsize=2119 kw= ok=1
Cmd: compileSnippet
  api=4 type=1 insize=3323 outsize=2403 kw= ok=1
Cmd: preprocess
  insize=873 outsize=301 ok=1
Cmd: compileSnippet
  api=4 type=0 insize=877 outsize=990 kw= ok=1
Cmd: compileSnippet
  api=4 type=1 insize=877 outsize=1087 kw= ok=1
Cmd: preprocess
  insize=1339 outsize=296 ok=1
Cmd: compileSnippet
  api=4 type=0 insize=1347 outsize=1558 kw= ok=1
Cmd: compileSnippet
  api=4 type=1 insize=1347 outsize=1940 kw= ok=1
Cmd: preprocess
  insize=2143 outsize=982 ok=1
Cmd: compileSnippet
  api=4 type=0 insize=905 outsize=1071 kw= ok=1
Cmd: compileSnippet
  api=4 type=1 insize=905 outsize=738 kw= ok=1
Cmd: compileSnippet
  api=4 type=0 insize=860 outsize=1071 kw= ok=1
Cmd: compileSnippet
  api=4 type=1 insize=860 outsize=600 kw= ok=1
Cmd: preprocess
  insize=5314 outsize=775 ok=1
Cmd: compileSnippet
  api=4 type=0 insize=4700 outsize=998 kw= ok=1
Cmd: compileSnippet
  api=4 type=1 insize=4700 outsize=1948 kw= ok=1
Cmd: compileSnippet
  api=4 type=0 insize=4705 outsize=998 kw= ok=1
Cmd: compileSnippet
  api=4 type=1 insize=4705 outsize=1680 kw= ok=1
Cmd: compileSnippet
  api=4 type=0 insize=4715 outsize=998 kw= ok=1
Cmd: compileSnippet
  api=4 type=1 insize=4715 outsize=6450 kw= ok=1
Cmd: preprocess
  insize=1080 outsize=489 ok=1
Cmd: compileSnippet
  api=4 type=0 insize=893 outsize=1128 kw= ok=1
Cmd: compileSnippet
  api=4 type=1 insize=893 outsize=1022 kw= ok=1
Cmd: preprocess
  insize=1213 outsize=389 ok=1
Cmd: compileSnippet
  api=4 type=0 insize=1129 outsize=1233 kw= ok=1
Cmd: compileSnippet
  api=4 type=1 insize=1129 outsize=1185 kw= ok=1
Cmd: preprocess
  insize=574 outsize=259 ok=1
Cmd: compileSnippet
  api=4 type=0 insize=617 outsize=827 kw= ok=1
Cmd: compileSnippet
  api=4 type=1 insize=617 outsize=437 kw= ok=1
Cmd: preprocess
  insize=724 outsize=315 ok=1
Cmd: compileSnippet
  api=4 type=0 insize=714 outsize=990 kw= ok=1
Cmd: compileSnippet
  api=4 type=1 insize=714 outsize=713 kw= ok=1
Cmd: preprocess
  insize=5281 outsize=888 ok=1
Cmd: compileSnippet
  api=4 type=0 insize=4431 outsize=1583 kw= ok=1
Cmd: compileSnippet
  api=4 type=1 insize=4431 outsize=1307 kw= ok=1
Cmd: compileSnippet
  api=4 type=0 insize=4435 outsize=1396 kw= ok=1
Cmd: compileSnippet
  api=4 type=1 insize=4435 outsize=1518 kw= ok=1
Cmd: compileSnippet
  api=4 type=0 insize=4436 outsize=1396 kw= ok=1
Cmd: compileSnippet
  api=4 type=1 insize=4436 outsize=1518 kw= ok=1
Cmd: compileSnippet
  api=4 type=0 insize=4440 outsize=1753 kw= ok=1
Cmd: compileSnippet
  api=4 type=1 insize=4440 outsize=1786 kw= ok=1
Cmd: compileSnippet
  api=4 type=0 insize=4441 outsize=1753 kw= ok=1
Cmd: compileSnippet
  api=4 type=1 insize=4441 outsize=1786 kw= ok=1
Cmd: preprocess
  insize=1727 outsize=682 ok=1
Cmd: compileSnippet
  api=4 type=0 insize=1346 outsize=1526 kw= ok=1
Cmd: compileSnippet
  api=4 type=1 insize=1346 outsize=1242 kw= ok=1
Cmd: compileSnippet
  api=4 type=0 insize=794 outsize=4386 kw=SHADOWS_DEPTH ok=1
Cmd: compileSnippet
  api=4 type=1 insize=794 outsize=437 kw=SHADOWS_DEPTH ok=1
Cmd: compileSnippet
  api=4 type=0 insize=619 outsize=4215 kw= ok=1
Cmd: compileSnippet
  api=4 type=1 insize=619 outsize=787 kw= ok=1
Cmd: compileSnippet
  api=4 type=0 insize=1004 outsize=4613 kw=SHADOWS_DEPTH ok=1
Cmd: compileSnippet
  api=4 type=1 insize=1004 outsize=868 kw=SHADOWS_DEPTH ok=1
Cmd: compileSnippet
  api=4 type=0 insize=631 outsize=4248 kw= ok=1
Cmd: compileSnippet
  api=4 type=1 insize=631 outsize=973 kw= ok=1
Cmd: compileSnippet
  api=4 type=0 insize=1106 outsize=1274 kw= ok=1
Cmd: compileSnippet
  api=4 type=1 insize=1106 outsize=990 kw= ok=1
Cmd: compileSnippet
  api=4 type=0 insize=1109 outsize=1274 kw= ok=1
Cmd: compileSnippet
  api=4 type=1 insize=1109 outsize=998 kw= ok=1
Cmd: compileSnippet
  api=4 type=0 insize=7257 outsize=4857 kw=DIRECTIONAL SHADOWS_OFF LIGHTMAP_OFF DIRLIGHTMAP_OFF DYNAMICLIGHTMAP_OFF ok=1
Cmd: compileSnippet
  api=4 type=1 insize=7257 outsize=2038 kw=DIRECTIONAL SHADOWS_OFF LIGHTMAP_OFF DIRLIGHTMAP_OFF DYNAMICLIGHTMAP_OFF ok=1
Cmd: compileSnippet
  api=4 type=0 insize=4694 outsize=3939 kw=DIRECTIONAL ok=1
Cmd: compileSnippet
  api=4 type=1 insize=4694 outsize=1940 kw=DIRECTIONAL ok=1
Cmd: compileSnippet
  api=4 type=0 insize=7817 outsize=4865 kw=DIRECTIONAL SHADOWS_OFF LIGHTMAP_OFF DIRLIGHTMAP_OFF DYNAMICLIGHTMAP_OFF ok=1
Cmd: compileSnippet
  api=4 type=1 insize=7817 outsize=3736 kw=DIRECTIONAL SHADOWS_OFF LIGHTMAP_OFF DIRLIGHTMAP_OFF DYNAMICLIGHTMAP_OFF ok=1
Cmd: compileSnippet
  api=4 type=0 insize=4993 outsize=3939 kw=DIRECTIONAL ok=1
Cmd: compileSnippet
  api=4 type=1 insize=4993 outsize=2891 kw=DIRECTIONAL ok=1
Cmd: compileSnippet
  api=4 type=0 insize=1329 outsize=1388 kw= ok=1
Cmd: compileSnippet
  api=4 type=1 insize=1329 outsize=1152 kw= ok=1
Cmd: compileSnippet
  api=4 type=0 insize=1325 outsize=1388 kw= ok=1
Cmd: compileSnippet
  api=4 type=1 insize=1325 outsize=1152 kw= ok=1
Cmd: compileSnippet
  api=4 type=0 insize=1325 outsize=1388 kw= ok=1
Cmd: compileSnippet
  api=4 type=1 insize=1325 outsize=1152 kw= ok=1
Cmd: compileSnippet
  api=4 type=0 insize=1329 outsize=1388 kw= ok=1
Cmd: compileSnippet
  api=4 type=1 insize=1329 outsize=1152 kw= ok=1
Cmd: compileSnippet
  api=4 type=0 insize=1317 outsize=1388 kw= ok=1
Cmd: compileSnippet
  api=4 type=1 insize=1317 outsize=1152 kw= ok=1
Cmd: compileSnippet
  api=4 type=0 insize=1327 outsize=1388 kw= ok=1
Cmd: compileSnippet
  api=4 type=1 insize=1327 outsize=1152 kw= ok=1
Cmd: compileSnippet
  api=4 type=0 insize=990 outsize=1071 kw= ok=1
Cmd: compileSnippet
  api=4 type=1 insize=990 outsize=697 kw= ok=1
Cmd: compileSnippet
  api=4 type=0 insize=1705 outsize=1274 kw=SOFTPARTICLES_OFF ok=1
Cmd: compileSnippet
  api=4 type=1 insize=1705 outsize=908 kw=SOFTPARTICLES_OFF ok=1
Cmd: compileSnippet
  api=4 type=0 insize=7075 outsize=3736 kw=DIRECTIONAL SHADOWS_OFF LIGHTMAP_OFF DIRLIGHTMAP_OFF DYNAMICLIGHTMAP_OFF ok=1
Cmd: compileSnippet
  api=4 type=1 insize=7075 outsize=1502 kw=DIRECTIONAL SHADOWS_OFF LIGHTMAP_OFF DIRLIGHTMAP_OFF DYNAMICLIGHTMAP_OFF ok=1
Cmd: compileSnippet
  api=4 type=0 insize=3755 outsize=2737 kw=DIRECTIONAL ok=1
Cmd: compileSnippet
  api=4 type=1 insize=3755 outsize=1152 kw=DIRECTIONAL ok=1
Cmd: compileSnippet
  api=4 type=0 insize=6731 outsize=3647 kw=DIRECTIONAL LIGHTMAP_OFF DIRLIGHTMAP_OFF DYNAMICLIGHTMAP_OFF ok=1
Cmd: compileSnippet
  api=4 type=1 insize=6731 outsize=1298 kw=DIRECTIONAL LIGHTMAP_OFF DIRLIGHTMAP_OFF DYNAMICLIGHTMAP_OFF ok=1
Cmd: compileSnippet
  api=4 type=0 insize=3569 outsize=2737 kw=DIRECTIONAL ok=1
Cmd: compileSnippet
  api=4 type=1 insize=3569 outsize=1152 kw=DIRECTIONAL ok=1
Cmd: compileSnippet
  api=4 type=0 insize=7432 outsize=4703 kw=DIRECTIONAL LIGHTMAP_OFF DIRLIGHTMAP_OFF DYNAMICLIGHTMAP_OFF ok=1
Cmd: compileSnippet
  api=4 type=1 insize=7432 outsize=3484 kw=DIRECTIONAL LIGHTMAP_OFF DIRLIGHTMAP_OFF DYNAMICLIGHTMAP_OFF ok=1
Cmd: compileSnippet
  api=4 type=0 insize=4828 outsize=3939 kw=DIRECTIONAL ok=1
Cmd: compileSnippet
  api=4 type=1 insize=4828 outsize=2915 kw=DIRECTIONAL ok=1
Cmd: compileSnippet
  api=4 type=0 insize=7059 outsize=3736 kw=DIRECTIONAL SHADOWS_OFF LIGHTMAP_OFF DIRLIGHTMAP_OFF DYNAMICLIGHTMAP_OFF ok=1
Cmd: compileSnippet
  api=4 type=1 insize=7059 outsize=1550 kw=DIRECTIONAL SHADOWS_OFF LIGHTMAP_OFF DIRLIGHTMAP_OFF DYNAMICLIGHTMAP_OFF ok=1
Cmd: compileSnippet
  api=4 type=0 insize=3888 outsize=2826 kw=DIRECTIONAL ok=1
Cmd: compileSnippet
  api=4 type=1 insize=3888 outsize=1404 kw=DIRECTIONAL ok=1
Cmd: preprocess
  insize=1698 outsize=1333 ok=1
Cmd: compileSnippet
  api=4 type=0 insize=8431 outsize=5328 kw=DIRECTIONAL LIGHTMAP_OFF DIRLIGHTMAP_OFF DYNAMICLIGHTMAP_OFF ok=1
Cmd: compileSnippet
  api=4 type=1 insize=8431 outsize=1957 kw=DIRECTIONAL LIGHTMAP_OFF DIRLIGHTMAP_OFF DYNAMICLIGHTMAP_OFF ok=1
Cmd: compileSnippet
  api=4 type=0 insize=5625 outsize=4321 kw=POINT ok=1
Cmd: compileSnippet
  api=4 type=1 insize=5625 outsize=925 kw=POINT ok=1
Cmd: compileSnippet
  api=4 type=0 insize=5173 outsize=5410 kw= ok=1
Cmd: compileSnippet
  api=4 type=1 insize=5173 outsize=3094 kw= ok=1
Cmd: preprocess
  insize=1209 outsize=458 ok=1
Cmd: preprocess
  insize=2904 outsize=1768 ok=1
Cmd: compileSnippet
  api=4 type=0 insize=9202 outsize=5564 kw=DIRECTIONAL LIGHTMAP_OFF DIRLIGHTMAP_OFF DYNAMICLIGHTMAP_OFF ok=1
Cmd: compileSnippet
  api=4 type=1 insize=9202 outsize=4605 kw=DIRECTIONAL LIGHTMAP_OFF DIRLIGHTMAP_OFF DYNAMICLIGHTMAP_OFF ok=1
Cmd: compileSnippet
  api=4 type=0 insize=6392 outsize=4800 kw=POINT ok=1
Cmd: compileSnippet
  api=4 type=1 insize=6392 outsize=3224 kw=POINT ok=1
Cmd: compileSnippet
  api=4 type=0 insize=5936 outsize=5532 kw= ok=1
Cmd: compileSnippet
  api=4 type=1 insize=5936 outsize=4808 kw= ok=1
Cmd: preprocess
  insize=1006 outsize=316 ok=1
Cmd: preprocess
  insize=1538 outsize=596 ok=1
Cmd: compileSnippet
  api=4 type=0 insize=1241 outsize=1510 kw= ok=1
Cmd: compileSnippet
  api=4 type=1 insize=1241 outsize=1185 kw= ok=1
Cmd: preprocess
  insize=1927 outsize=753 ok=1
Cmd: compileSnippet
  api=4 type=0 insize=1476 outsize=1607 kw= ok=1
Cmd: compileSnippet
  api=4 type=1 insize=1476 outsize=1697 kw= ok=1
Cmd: preprocess
  insize=1771 outsize=1400 ok=1
Cmd: compileSnippet
  api=4 type=0 insize=8487 outsize=5353 kw=DIRECTIONAL LIGHTMAP_OFF DIRLIGHTMAP_OFF DYNAMICLIGHTMAP_OFF ok=1
Cmd: compileSnippet
  api=4 type=1 insize=8487 outsize=1973 kw=DIRECTIONAL LIGHTMAP_OFF DIRLIGHTMAP_OFF DYNAMICLIGHTMAP_OFF ok=1
Cmd: compileSnippet
  api=4 type=0 insize=5650 outsize=4272 kw=POINT ok=1
Cmd: compileSnippet
  api=4 type=1 insize=5650 outsize=1022 kw=POINT ok=1
Cmd: compileSnippet
  api=4 type=0 insize=5051 outsize=5272 kw= ok=1
Cmd: compileSnippet
  api=4 type=1 insize=5051 outsize=2907 kw= ok=1
Cmd: preprocess
  insize=2311 outsize=1706 ok=1
Cmd: compileSnippet
  api=4 type=0 insize=8507 outsize=4963 kw=DIRECTIONAL LIGHTMAP_OFF DIRLIGHTMAP_OFF DYNAMICLIGHTMAP_OFF ok=1
Cmd: compileSnippet
  api=4 type=1 insize=8507 outsize=4020 kw=DIRECTIONAL LIGHTMAP_OFF DIRLIGHTMAP_OFF DYNAMICLIGHTMAP_OFF ok=1
Cmd: compileSnippet
  api=4 type=0 insize=5889 outsize=4199 kw=POINT ok=1
Cmd: compileSnippet
  api=4 type=1 insize=5889 outsize=4557 kw=POINT ok=1
Cmd: compileSnippet
  api=4 type=0 insize=5283 outsize=4930 kw= ok=1
Cmd: compileSnippet
  api=4 type=1 insize=5283 outsize=4207 kw= ok=1
Cmd: preprocess
  insize=1173 outsize=314 ok=1
Cmd: preprocess
  insize=2636 outsize=773 ok=1
Cmd: preprocess
  insize=1618 outsize=1336 ok=1
Cmd: compileSnippet
  api=4 type=0 insize=8181 outsize=5190 kw=DIRECTIONAL LIGHTMAP_OFF DIRLIGHTMAP_OFF DYNAMICLIGHTMAP_OFF ok=1
Cmd: compileSnippet
  api=4 type=1 insize=8181 outsize=1753 kw=DIRECTIONAL LIGHTMAP_OFF DIRLIGHTMAP_OFF DYNAMICLIGHTMAP_OFF ok=1
Cmd: compileSnippet
  api=4 type=0 insize=5417 outsize=4183 kw=POINT ok=1
Cmd: compileSnippet
  api=4 type=1 insize=5417 outsize=835 kw=POINT ok=1
Cmd: compileSnippet
  api=4 type=0 insize=4965 outsize=5272 kw= ok=1
Cmd: compileSnippet
  api=4 type=1 insize=4965 outsize=2907 kw= ok=1
Cmd: preprocess
  insize=1597 outsize=746 ok=1
Cmd: compileSnippet
  api=4 type=0 insize=1153 outsize=1128 kw= ok=1
Cmd: compileSnippet
  api=4 type=1 insize=1153 outsize=1160 kw= ok=1
Cmd: preprocess
  insize=5357 outsize=1799 ok=1
Cmd: preprocess
  insize=1986 outsize=627 ok=1
Cmd: compileSnippet
  api=4 type=0 insize=1658 outsize=1274 kw=SOFTPARTICLES_OFF ok=1
Cmd: compileSnippet
  api=4 type=1 insize=1658 outsize=1177 kw=SOFTPARTICLES_OFF ok=1
Cmd: preprocess
  insize=1613 outsize=1332 ok=1
Cmd: compileSnippet
  api=4 type=0 insize=8181 outsize=5190 kw=DIRECTIONAL LIGHTMAP_OFF DIRLIGHTMAP_OFF DYNAMICLIGHTMAP_OFF ok=1
Cmd: compileSnippet
  api=4 type=1 insize=8181 outsize=1753 kw=DIRECTIONAL LIGHTMAP_OFF DIRLIGHTMAP_OFF DYNAMICLIGHTMAP_OFF ok=1
Cmd: compileSnippet
  api=4 type=0 insize=5417 outsize=4183 kw=POINT ok=1
Cmd: compileSnippet
  api=4 type=1 insize=5417 outsize=835 kw=POINT ok=1
Cmd: compileSnippet
  api=4 type=0 insize=4965 outsize=5272 kw= ok=1
Cmd: compileSnippet
  api=4 type=1 insize=4965 outsize=2907 kw= ok=1
Cmd: preprocess
  insize=2269 outsize=805 ok=1
Cmd: compileSnippet
  api=4 type=0 insize=1766 outsize=1274 kw=SOFTPARTICLES_OFF ok=1
Cmd: compileSnippet
  api=4 type=1 insize=1766 outsize=1298 kw=SOFTPARTICLES_OFF ok=1
Cmd: preprocess
  insize=1700 outsize=550 ok=1
Cmd: compileSnippet
  api=4 type=0 insize=1449 outsize=1753 kw=SOFTPARTICLES_OFF ok=1
Cmd: compileSnippet
  api=4 type=1 insize=1449 outsize=1770 kw=SOFTPARTICLES_OFF ok=1
Cmd: preprocess
  insize=5633 outsize=757 ok=1
Cmd: preprocess
  insize=1324 outsize=559 ok=1
Cmd: compileSnippet
  api=4 type=0 insize=1067 outsize=1274 kw= ok=1
Cmd: compileSnippet
  api=4 type=1 insize=1067 outsize=917 kw= ok=1
Cmd: preprocess
  insize=1589 outsize=1308 ok=1
Cmd: compileSnippet
  api=4 type=0 insize=8181 outsize=5190 kw=DIRECTIONAL LIGHTMAP_OFF DIRLIGHTMAP_OFF DYNAMICLIGHTMAP_OFF ok=1
Cmd: compileSnippet
  api=4 type=1 insize=8181 outsize=1753 kw=DIRECTIONAL LIGHTMAP_OFF DIRLIGHTMAP_OFF DYNAMICLIGHTMAP_OFF ok=1
Cmd: compileSnippet
  api=4 type=0 insize=5417 outsize=4183 kw=POINT ok=1
Cmd: compileSnippet
  api=4 type=1 insize=5417 outsize=835 kw=POINT ok=1
Cmd: compileSnippet
  api=4 type=0 insize=4965 outsize=5272 kw= ok=1
Cmd: compileSnippet
  api=4 type=1 insize=4965 outsize=2907 kw= ok=1
Cmd: preprocess
  insize=1236 outsize=495 ok=1
Cmd: compileSnippet
  api=4 type=0 insize=1043 outsize=1274 kw= ok=1
Cmd: compileSnippet
  api=4 type=1 insize=1043 outsize=1103 kw= ok=1
Cmd: preprocess
  insize=1464 outsize=508 ok=1
Cmd: compileSnippet
  api=4 type=0 insize=1255 outsize=2371 kw= ok=1
Cmd: compileSnippet
  api=4 type=1 insize=1255 outsize=908 kw= ok=1
Cmd: preprocess
  insize=1503 outsize=485 ok=1
Cmd: compileSnippet
  api=4 type=0 insize=1316 outsize=1753 kw=SOFTPARTICLES_OFF ok=1
Cmd: compileSnippet
  api=4 type=1 insize=1316 outsize=1315 kw=SOFTPARTICLES_OFF ok=1
Cmd: preprocess
  insize=1762 outsize=1394 ok=1
Cmd: preprocess
  insize=1544 outsize=1538 ok=1
Cmd: compileSnippet
  api=4 type=0 insize=7935 outsize=4857 kw=DIRECTIONAL LIGHTMAP_OFF DIRLIGHTMAP_OFF DYNAMICLIGHTMAP_OFF ok=1
Cmd: compileSnippet
  api=4 type=1 insize=7935 outsize=4232 kw=DIRECTIONAL LIGHTMAP_OFF DIRLIGHTMAP_OFF DYNAMICLIGHTMAP_OFF ok=1
Cmd: compileSnippet
  api=4 type=0 insize=5158 outsize=3939 kw=POINT ok=1
Cmd: compileSnippet
  api=4 type=1 insize=5158 outsize=3703 kw=POINT ok=1
Cmd: compileSnippet
  api=4 type=0 insize=4702 outsize=4670 kw= ok=1
Cmd: compileSnippet
  api=4 type=1 insize=4702 outsize=4207 kw= ok=1
Cmd: preprocess
  insize=1326 outsize=561 ok=1
Cmd: preprocess
  error: 2 plat 15 at (19): Too many texture interpolators would be used for ForwardBase pass (9 out of max 8), try adding #pragma target 3.0
  insize=1857 outsize=1359 ok=0
Cmd: preprocess
  insize=1112 outsize=1789 ok=1
Cmd: compileSnippet
  api=4 type=0 insize=7337 outsize=3647 kw=DIRECTIONAL SHADOWS_OFF LIGHTMAP_OFF DIRLIGHTMAP_OFF DYNAMICLIGHTMAP_OFF ok=1
Cmd: compileSnippet
  api=4 type=1 insize=7337 outsize=2249 kw=DIRECTIONAL SHADOWS_OFF LIGHTMAP_OFF DIRLIGHTMAP_OFF DYNAMICLIGHTMAP_OFF ok=1
Cmd: compileSnippet
  api=4 type=0 insize=4019 outsize=2737 kw=POINT ok=1
Cmd: compileSnippet
  api=4 type=1 insize=4019 outsize=1932 kw=POINT ok=1
Cmd: compileSnippet
  api=4 type=0 insize=3177 outsize=2517 kw= ok=1
Cmd: compileSnippet
  api=4 type=1 insize=3177 outsize=681 kw= ok=1
Cmd: compileSnippet
  api=4 type=0 insize=6764 outsize=4362 kw=LIGHTMAP_OFF DIRLIGHTMAP_OFF DYNAMICLIGHTMAP_OFF HDR_LIGHT_PREPASS_OFF ok=1
Cmd: compileSnippet
  api=4 type=1 insize=6764 outsize=2290 kw=LIGHTMAP_OFF DIRLIGHTMAP_OFF DYNAMICLIGHTMAP_OFF HDR_LIGHT_PREPASS_OFF ok=1
Cmd: compileSnippet
  api=4 type=0 insize=6374 outsize=4004 kw=LIGHTMAP_OFF DIRLIGHTMAP_OFF DYNAMICLIGHTMAP_OFF HDR_LIGHT_PREPASS_OFF ok=1
Cmd: compileSnippet
  api=4 type=1 insize=6374 outsize=2501 kw=LIGHTMAP_OFF DIRLIGHTMAP_OFF DYNAMICLIGHTMAP_OFF HDR_LIGHT_PREPASS_OFF ok=1
Cmd: compileSnippet
  api=4 type=0 insize=3631 outsize=3419 kw= ok=1
Cmd: compileSnippet
  api=4 type=1 insize=3631 outsize=3159 kw= ok=1
Cmd: compileSnippet
  api=4 type=0 insize=5417 outsize=4183 kw=DIRECTIONAL ok=1
Cmd: compileSnippet
  api=4 type=1 insize=5417 outsize=835 kw=DIRECTIONAL ok=1
Cmd: compileSnippet
  api=4 type=0 insize=5417 outsize=4183 kw=DIRECTIONAL ok=1
Cmd: compileSnippet
  api=4 type=1 insize=5417 outsize=835 kw=DIRECTIONAL ok=1
Cmd: compileSnippet
  api=4 type=0 insize=6392 outsize=4800 kw=DIRECTIONAL ok=1
Cmd: compileSnippet
  api=4 type=1 insize=6392 outsize=2468 kw=DIRECTIONAL ok=1
Cmd: compileSnippet
  api=4 type=0 insize=1642 outsize=1274 kw=SOFTPARTICLES_OFF ok=1
Cmd: compileSnippet
  api=4 type=1 insize=1642 outsize=908 kw=SOFTPARTICLES_OFF ok=1
Cmd: compileSnippet
  api=4 type=0 insize=5889 outsize=4199 kw=DIRECTIONAL ok=1
Cmd: compileSnippet
  api=4 type=1 insize=5889 outsize=3858 kw=DIRECTIONAL ok=1
Cmd: compileSnippet
  api=4 type=0 insize=5158 outsize=3939 kw=DIRECTIONAL ok=1
Cmd: compileSnippet
  api=4 type=1 insize=5158 outsize=2964 kw=DIRECTIONAL ok=1
Cmd: compileSnippet
  api=4 type=0 insize=4019 outsize=2737 kw=DIRECTIONAL ok=1
Cmd: compileSnippet
  api=4 type=1 insize=4019 outsize=1152 kw=DIRECTIONAL ok=1
Cmd: compileSnippet
  api=4 type=0 insize=7749 outsize=4703 kw=DIRECTIONAL SHADOWS_OFF LIGHTMAP_OFF DIRLIGHTMAP_OFF DYNAMICLIGHTMAP_OFF ok=1
Cmd: compileSnippet
  api=4 type=1 insize=7749 outsize=3606 kw=DIRECTIONAL SHADOWS_OFF LIGHTMAP_OFF DIRLIGHTMAP_OFF DYNAMICLIGHTMAP_OFF ok=1
Cmd: compileSnippet
  api=4 type=0 insize=5186 outsize=3939 kw=DIRECTIONAL ok=1
Cmd: compileSnippet
  api=4 type=1 insize=5186 outsize=3070 kw=DIRECTIONAL ok=1
Cmd: compileSnippet
  api=4 type=0 insize=5625 outsize=4321 kw=DIRECTIONAL ok=1
Cmd: compileSnippet
  api=4 type=1 insize=5625 outsize=925 kw=DIRECTIONAL ok=1
Cmd: compileSnippet
  api=4 type=0 insize=5417 outsize=4183 kw=DIRECTIONAL ok=1
Cmd: compileSnippet
  api=4 type=1 insize=5417 outsize=835 kw=DIRECTIONAL ok=1
Cmd: compileSnippet
  api=4 type=0 insize=5650 outsize=4272 kw=DIRECTIONAL ok=1
Cmd: compileSnippet
  api=4 type=1 insize=5650 outsize=1022 kw=DIRECTIONAL ok=1
Cmd: preprocess
  insize=1680 outsize=1329 ok=1
Cmd: compileSnippet
  api=4 type=0 insize=8418 outsize=5328 kw=DIRECTIONAL LIGHTMAP_OFF DIRLIGHTMAP_OFF DYNAMICLIGHTMAP_OFF ok=1
Cmd: compileSnippet
  api=4 type=1 insize=8418 outsize=1892 kw=DIRECTIONAL LIGHTMAP_OFF DIRLIGHTMAP_OFF DYNAMICLIGHTMAP_OFF ok=1
Cmd: compileSnippet
  api=4 type=0 insize=5612 outsize=4321 kw=POINT ok=1
Cmd: compileSnippet
  api=4 type=1 insize=5612 outsize=925 kw=POINT ok=1
Cmd: compileSnippet
  api=4 type=0 insize=5160 outsize=5410 kw= ok=1
Cmd: compileSnippet
  api=4 type=1 insize=5160 outsize=3029 kw= ok=1
Cmd: preprocess
  insize=1412 outsize=1324 ok=1
Cmd: compileSnippet
  api=4 type=0 insize=7499 outsize=3736 kw=DIRECTIONAL LIGHTMAP_OFF DIRLIGHTMAP_OFF DYNAMICLIGHTMAP_OFF ok=1
Cmd: compileSnippet
  api=4 type=1 insize=7499 outsize=1753 kw=DIRECTIONAL LIGHTMAP_OFF DIRLIGHTMAP_OFF DYNAMICLIGHTMAP_OFF ok=1
Cmd: compileSnippet
  api=4 type=0 insize=4189 outsize=2737 kw=POINT ok=1
Cmd: compileSnippet
  api=4 type=1 insize=4189 outsize=1006 kw=POINT ok=1
Cmd: compileSnippet
  api=4 type=0 insize=3744 outsize=2558 kw= ok=1
Cmd: compileSnippet
  api=4 type=1 insize=3744 outsize=2842 kw= ok=1
Cmd: preprocess
  insize=1741 outsize=1386 ok=1
Cmd: compileSnippet
  api=4 type=0 insize=8472 outsize=5353 kw=DIRECTIONAL LIGHTMAP_OFF DIRLIGHTMAP_OFF DYNAMICLIGHTMAP_OFF ok=1
Cmd: compileSnippet
  api=4 type=1 insize=8472 outsize=1973 kw=DIRECTIONAL LIGHTMAP_OFF DIRLIGHTMAP_OFF DYNAMICLIGHTMAP_OFF ok=1
Cmd: compileSnippet
  api=4 type=0 insize=5635 outsize=4272 kw=POINT ok=1
Cmd: compileSnippet
  api=4 type=1 insize=5635 outsize=1022 kw=POINT ok=1
Cmd: compileSnippet
  api=4 type=0 insize=5036 outsize=5272 kw= ok=1
Cmd: compileSnippet
  api=4 type=1 insize=5036 outsize=2907 kw= ok=1
Cmd: preprocess
  insize=709 outsize=1133 ok=1
Cmd: compileSnippet
  api=4 type=0 insize=6854 outsize=3647 kw=DIRECTIONAL LIGHTMAP_OFF DIRLIGHTMAP_OFF DYNAMICLIGHTMAP_OFF ok=1
Cmd: compileSnippet
  api=4 type=1 insize=6854 outsize=1721 kw=DIRECTIONAL LIGHTMAP_OFF DIRLIGHTMAP_OFF DYNAMICLIGHTMAP_OFF ok=1
Cmd: compileSnippet
  api=4 type=0 insize=3692 outsize=2737 kw=POINT ok=1
Cmd: compileSnippet
  api=4 type=1 insize=3692 outsize=2355 kw=POINT ok=1
Cmd: compileSnippet
  api=4 type=0 insize=3125 outsize=2468 kw= ok=1
Cmd: compileSnippet
  api=4 type=1 insize=3125 outsize=1420 kw= ok=1
Cmd: preprocess
  insize=1924 outsize=550 ok=1
Cmd: compileSnippet
  api=4 type=0 insize=1673 outsize=1274 kw=SOFTPARTICLES_OFF ok=1
Cmd: compileSnippet
  api=4 type=1 insize=1673 outsize=1071 kw=SOFTPARTICLES_OFF ok=1
Cmd: preprocess
  insize=2450 outsize=859 ok=1
Cmd: compileSnippet
  api=4 type=0 insize=1890 outsize=1274 kw=SOFTPARTICLES_OFF ok=1
Cmd: compileSnippet
  api=4 type=1 insize=1890 outsize=1567 kw=SOFTPARTICLES_OFF ok=1
Cmd: preprocess
  insize=3808 outsize=1050 ok=1
Cmd: compileSnippet
  api=4 type=0 insize=1764 outsize=1347 kw=SOFTPARTICLES_OFF ok=1
Cmd: compileSnippet
  api=4 type=1 insize=1764 outsize=1177 kw=SOFTPARTICLES_OFF ok=1
Cmd: compileSnippet
  api=4 type=0 insize=1597 outsize=1274 kw=SOFTPARTICLES_OFF ok=1
Cmd: compileSnippet
  api=4 type=1 insize=1597 outsize=973 kw=SOFTPARTICLES_OFF ok=1
Cmd: preprocess
  insize=3177 outsize=1833 ok=1
Cmd: compileSnippet
  api=4 type=0 insize=9775 outsize=5036 kw=DIRECTIONAL LIGHTMAP_OFF DIRLIGHTMAP_OFF DYNAMICLIGHTMAP_OFF ok=1
Cmd: compileSnippet
  api=4 type=1 insize=9775 outsize=5686 kw=DIRECTIONAL LIGHTMAP_OFF DIRLIGHTMAP_OFF DYNAMICLIGHTMAP_OFF ok=1
Cmd: compileSnippet
  api=4 type=0 insize=6775 outsize=4272 kw=POINT ok=1
Cmd: compileSnippet
  api=4 type=1 insize=6775 outsize=3842 kw=POINT ok=1
Cmd: compileSnippet
  api=4 type=0 insize=6500 outsize=5272 kw= ok=1
Cmd: compileSnippet
  api=4 type=1 insize=6500 outsize=5328 kw= ok=1
Cmd: preprocess
  insize=3940 outsize=1066 ok=1
Cmd: compileSnippet
  api=4 type=0 insize=1717 outsize=1274 kw=SOFTPARTICLES_OFF ok=1
Cmd: compileSnippet
  api=4 type=1 insize=1717 outsize=1144 kw=SOFTPARTICLES_OFF ok=1
Cmd: preprocess
  insize=2242 outsize=1734 ok=1
Cmd: compileSnippet
  api=4 type=0 insize=8657 outsize=4703 kw=DIRECTIONAL LIGHTMAP_OFF DIRLIGHTMAP_OFF DYNAMICLIGHTMAP_OFF ok=1
Cmd: compileSnippet
  api=4 type=1 insize=8657 outsize=5207 kw=DIRECTIONAL LIGHTMAP_OFF DIRLIGHTMAP_OFF DYNAMICLIGHTMAP_OFF ok=1
Cmd: compileSnippet
  api=4 type=0 insize=5699 outsize=3939 kw=POINT ok=1
Cmd: compileSnippet
  api=4 type=1 insize=5699 outsize=3793 kw=POINT ok=1
Cmd: compileSnippet
  api=4 type=0 insize=5424 outsize=4670 kw= ok=1
Cmd: compileSnippet
  api=4 type=1 insize=5424 outsize=4808 kw= ok=1
Cmd: preprocess
  insize=1820 outsize=1435 ok=1
Cmd: compileSnippet
  api=4 type=0 insize=8505 outsize=5353 kw=DIRECTIONAL LIGHTMAP_OFF DIRLIGHTMAP_OFF DYNAMICLIGHTMAP_OFF ok=1
Cmd: compileSnippet
  api=4 type=1 insize=8505 outsize=1973 kw=DIRECTIONAL LIGHTMAP_OFF DIRLIGHTMAP_OFF DYNAMICLIGHTMAP_OFF ok=1
Cmd: compileSnippet
  api=4 type=0 insize=5668 outsize=4272 kw=POINT ok=1
Cmd: compileSnippet
  api=4 type=1 insize=5668 outsize=1022 kw=POINT ok=1
Cmd: compileSnippet
  api=4 type=0 insize=5069 outsize=5272 kw= ok=1
Cmd: compileSnippet
  api=4 type=1 insize=5069 outsize=2907 kw= ok=1
Cmd: compileSnippet
  api=4 type=0 insize=5635 outsize=4272 kw=DIRECTIONAL ok=1
Cmd: compileSnippet
  api=4 type=1 insize=5635 outsize=1022 kw=DIRECTIONAL ok=1
Cmd: compileSnippet
  api=4 type=0 insize=4189 outsize=2737 kw=DIRECTIONAL ok=1
Cmd: compileSnippet
  api=4 type=1 insize=4189 outsize=1006 kw=DIRECTIONAL ok=1
Cmd: compileSnippet
  api=4 type=0 insize=6775 outsize=4272 kw=DIRECTIONAL ok=1
Cmd: compileSnippet
  api=4 type=1 insize=6775 outsize=3070 kw=DIRECTIONAL ok=1
Cmd: compileSnippet
  api=4 type=0 insize=7025 outsize=3647 kw=DIRECTIONAL SHADOWS_OFF LIGHTMAP_OFF DIRLIGHTMAP_OFF DYNAMICLIGHTMAP_OFF ok=1
Cmd: compileSnippet
  api=4 type=1 insize=7025 outsize=2282 kw=DIRECTIONAL SHADOWS_OFF LIGHTMAP_OFF DIRLIGHTMAP_OFF DYNAMICLIGHTMAP_OFF ok=1
Cmd: compileSnippet
  api=4 type=0 insize=3820 outsize=2737 kw=DIRECTIONAL ok=1
Cmd: compileSnippet
  api=4 type=1 insize=3820 outsize=2135 kw=DIRECTIONAL ok=1
Cmd: compileSnippet
  api=4 type=0 insize=577 outsize=3517 kw=SHADOWS_DEPTH ok=1
Cmd: compileSnippet
  api=4 type=1 insize=577 outsize=437 kw=SHADOWS_DEPTH ok=1
Cmd: compileSnippet
  api=4 type=0 insize=6800 outsize=3647 kw=DIRECTIONAL SHADOWS_OFF LIGHTMAP_OFF DIRLIGHTMAP_OFF DYNAMICLIGHTMAP_OFF ok=1
Cmd: compileSnippet
  api=4 type=1 insize=6800 outsize=1233 kw=DIRECTIONAL SHADOWS_OFF LIGHTMAP_OFF DIRLIGHTMAP_OFF DYNAMICLIGHTMAP_OFF ok=1
Cmd: compileSnippet
  api=4 type=0 insize=5699 outsize=3939 kw=DIRECTIONAL ok=1
Cmd: compileSnippet
  api=4 type=1 insize=5699 outsize=3021 kw=DIRECTIONAL ok=1
Cmd: compileSnippet
  api=4 type=0 insize=5668 outsize=4272 kw=DIRECTIONAL ok=1
Cmd: compileSnippet
  api=4 type=1 insize=5668 outsize=1022 kw=DIRECTIONAL ok=1
Cmd: compileSnippet
  api=4 type=0 insize=3692 outsize=2737 kw=DIRECTIONAL ok=1
Cmd: compileSnippet
  api=4 type=1 insize=3692 outsize=1575 kw=DIRECTIONAL ok=1
Cmd: preprocess
  insize=985 outsize=314 ok=1
Cmd: compileSnippet
  api=4 type=0 insize=970 outsize=1136 kw= ok=1
Cmd: compileSnippet
  api=4 type=1 insize=970 outsize=1209 kw= ok=1
Cmd: preprocess
  insize=1203 outsize=312 ok=1
Cmd: preprocess
  insize=1359 outsize=1837 ok=1
Cmd: compileSnippet
  api=4 type=0 insize=8027 outsize=4857 kw=DIRECTIONAL SHADOWS_OFF LIGHTMAP_OFF DIRLIGHTMAP_OFF DYNAMICLIGHTMAP_OFF ok=1
Cmd: compileSnippet
  api=4 type=1 insize=8027 outsize=3817 kw=DIRECTIONAL SHADOWS_OFF LIGHTMAP_OFF DIRLIGHTMAP_OFF DYNAMICLIGHTMAP_OFF ok=1
Cmd: compileSnippet
  api=4 type=0 insize=5249 outsize=3939 kw=POINT ok=1
Cmd: compileSnippet
  api=4 type=1 insize=5249 outsize=3565 kw=POINT ok=1
Cmd: compileSnippet
  api=4 type=0 insize=4368 outsize=3898 kw= ok=1
Cmd: compileSnippet
  api=4 type=1 insize=4368 outsize=1550 kw= ok=1
Cmd: compileSnippet
  api=4 type=0 insize=7193 outsize=5109 kw=LIGHTMAP_OFF DIRLIGHTMAP_OFF DYNAMICLIGHTMAP_OFF HDR_LIGHT_PREPASS_OFF ok=1
Cmd: compileSnippet
  api=4 type=1 insize=7193 outsize=2533 kw=LIGHTMAP_OFF DIRLIGHTMAP_OFF DYNAMICLIGHTMAP_OFF HDR_LIGHT_PREPASS_OFF ok=1
Cmd: compileSnippet
  api=4 type=0 insize=7718 outsize=5345 kw=LIGHTMAP_OFF DIRLIGHTMAP_OFF DYNAMICLIGHTMAP_OFF HDR_LIGHT_PREPASS_OFF ok=1
Cmd: compileSnippet
  api=4 type=1 insize=7718 outsize=2915 kw=LIGHTMAP_OFF DIRLIGHTMAP_OFF DYNAMICLIGHTMAP_OFF HDR_LIGHT_PREPASS_OFF ok=1
Cmd: compileSnippet
  api=4 type=0 insize=4709 outsize=4670 kw= ok=1
Cmd: compileSnippet
  api=4 type=1 insize=4709 outsize=3825 kw= ok=1
Cmd: preprocess
  insize=989 outsize=314 ok=1
Cmd: compileSnippet
  api=4 type=0 insize=974 outsize=1136 kw= ok=1
Cmd: compileSnippet
  api=4 type=1 insize=974 outsize=1209 kw= ok=1
Cmd: preprocess
  insize=1201 outsize=314 ok=1
Cmd: preprocess
  insize=891 outsize=314 ok=1
Cmd: compileSnippet
  api=4 type=0 insize=876 outsize=1136 kw= ok=1
Cmd: compileSnippet
  api=4 type=1 insize=876 outsize=925 kw= ok=1
Cmd: compileSnippet
  api=4 type=0 insize=5249 outsize=3939 kw=DIRECTIONAL ok=1
Cmd: compileSnippet
  api=4 type=1 insize=5249 outsize=2826 kw=DIRECTIONAL ok=1
Cmd: compileSnippet
  api=4 type=0 insize=6946 outsize=3647 kw=DIRECTIONAL LIGHTMAP_OFF DIRLIGHTMAP_OFF DYNAMICLIGHTMAP_OFF ok=1
Cmd: compileSnippet
  api=4 type=1 insize=6946 outsize=2306 kw=DIRECTIONAL LIGHTMAP_OFF DIRLIGHTMAP_OFF DYNAMICLIGHTMAP_OFF ok=1
Cmd: compileSnippet
  api=4 type=0 insize=3742 outsize=2737 kw=DIRECTIONAL ok=1
Cmd: compileSnippet
  api=4 type=1 insize=3742 outsize=2160 kw=DIRECTIONAL ok=1
Cmd: compileSnippet
  api=8 type=0 insize=1190 outsize=1877 kw= ok=1
Cmd: compileSnippet
  api=8 type=1 insize=1190 outsize=1788 kw= ok=1
Cmd: compileSnippet
  api=8 type=0 insize=1185 outsize=1877 kw= ok=1
Cmd: compileSnippet
  api=8 type=1 insize=1185 outsize=1788 kw= ok=1
